<?xml version="1.0" encoding="UTF-8"?>
<!-- Generated by org.testng.reporters.JUnitReportReporter -->
<testsuite hostname="LAPTOP-MFTDN0JL" name="BasicTest.validateHoveronItem" tests="3" failures="0" timestamp="5 May 2020 11:50:55 GMT" time="6.866" errors="0">
  <testcase name="validateSearchItemPage" time="5.877" classname="BasicTest.validateHoveronItem"/>
  <testcase name="validateLightBox" time="0.326" classname="BasicTest.validateHoveronItem"/>
  <testcase name="validateuserNavigatedToPDP" time="0.663" classname="BasicTest.validateHoveronItem"/>
</testsuite> <!-- BasicTest.validateHoveronItem -->
