<?xml version="1.0" encoding="UTF-8"?>
<!-- Generated by org.testng.reporters.JUnitReportReporter -->
<testsuite hostname="LAPTOP-MFTDN0JL" name="BasicTest.validateFlipkartHomePage" tests="2" failures="0" timestamp="27 Apr 2020 11:13:02 GMT" time="0.394" errors="0">
  <testcase name="validateTitle" time="0.012" classname="BasicTest.validateFlipkartHomePage"/>
  <testcase name="validateLightBox" time="0.382" classname="BasicTest.validateFlipkartHomePage"/>
</testsuite> <!-- BasicTest.validateFlipkartHomePage -->
